<?xml version="1.0" encoding="UTF-8"?>
<testsuite xmlns:xsi="http://www.w3.org/2001/XMLSchema-instance" xsi:noNamespaceSchemaLocation="https://maven.apache.org/surefire/maven-surefire-plugin/xsd/surefire-test-report.xsd" name="ed.MapaDispersaoTest" time="0.058" tests="4" errors="0" skipped="0" failures="0">
  <properties>
    <property name="java.specification.version" value="21"/>
    <property name="sun.jnu.encoding" value="UTF-8"/>
    <property name="java.class.path" value="/home/scarelli/Documents/FURB24/est-dados/target/test-classes:/home/scarelli/Documents/FURB24/est-dados/target/classes:/home/scarelli/.m2/repository/junit/junit/4.11/junit-4.11.jar:/home/scarelli/.m2/repository/org/hamcrest/hamcrest-core/1.3/hamcrest-core-1.3.jar:"/>
    <property name="java.vm.vendor" value="Oracle Corporation"/>
    <property name="sun.arch.data.model" value="64"/>
    <property name="java.vendor.url" value="https://java.oracle.com/"/>
    <property name="os.name" value="Linux"/>
    <property name="java.vm.specification.version" value="21"/>
    <property name="user.country" value="US"/>
    <property name="sun.java.launcher" value="SUN_STANDARD"/>
    <property name="sun.boot.library.path" value="/home/scarelli/.sdkman/candidates/java/21.0.3-oracle/lib"/>
    <property name="sun.java.command" value="/home/scarelli/Documents/FURB24/est-dados/target/surefire/surefirebooter15292381048467927568.jar /home/scarelli/Documents/FURB24/est-dados/target/surefire 2024-06-20T22-26-53_294-jvmRun1 surefire3863725032742111967tmp surefire_012830510854209902410tmp"/>
    <property name="jdk.debug" value="release"/>
    <property name="test" value="ed.MapaDispersaoTest"/>
    <property name="surefire.test.class.path" value="/home/scarelli/Documents/FURB24/est-dados/target/test-classes:/home/scarelli/Documents/FURB24/est-dados/target/classes:/home/scarelli/.m2/repository/junit/junit/4.11/junit-4.11.jar:/home/scarelli/.m2/repository/org/hamcrest/hamcrest-core/1.3/hamcrest-core-1.3.jar:"/>
    <property name="sun.cpu.endian" value="little"/>
    <property name="user.home" value="/home/scarelli"/>
    <property name="user.language" value="en"/>
    <property name="java.specification.vendor" value="Oracle Corporation"/>
    <property name="java.version.date" value="2024-04-16"/>
    <property name="java.home" value="/home/scarelli/.sdkman/candidates/java/21.0.3-oracle"/>
    <property name="file.separator" value="/"/>
    <property name="basedir" value="/home/scarelli/Documents/FURB24/est-dados"/>
    <property name="java.vm.compressedOopsMode" value="32-bit"/>
    <property name="line.separator" value="&#10;"/>
    <property name="java.specification.name" value="Java Platform API Specification"/>
    <property name="java.vm.specification.vendor" value="Oracle Corporation"/>
    <property name="surefire.real.class.path" value="/home/scarelli/Documents/FURB24/est-dados/target/surefire/surefirebooter15292381048467927568.jar"/>
    <property name="sun.management.compiler" value="HotSpot 64-Bit Tiered Compilers"/>
    <property name="java.runtime.version" value="21.0.3+7-LTS-152"/>
    <property name="user.name" value="scarelli"/>
    <property name="stdout.encoding" value="UTF-8"/>
    <property name="path.separator" value=":"/>
    <property name="os.version" value="6.8.0-35-generic"/>
    <property name="java.runtime.name" value="Java(TM) SE Runtime Environment"/>
    <property name="file.encoding" value="UTF-8"/>
    <property name="java.vm.name" value="Java HotSpot(TM) 64-Bit Server VM"/>
    <property name="maven.ext.class.path" value="/home/scarelli/.vscode/extensions/oracle.oracle-java-22.0.1/nbcode/java/maven-nblib/netbeans-eventspy.jar"/>
    <property name="localRepository" value="/home/scarelli/.m2/repository"/>
    <property name="java.vendor.url.bug" value="https://bugreport.java.com/bugreport/"/>
    <property name="java.io.tmpdir" value="/tmp"/>
    <property name="java.version" value="21.0.3"/>
    <property name="user.dir" value="/home/scarelli/Documents/FURB24/est-dados"/>
    <property name="os.arch" value="amd64"/>
    <property name="java.vm.specification.name" value="Java Virtual Machine Specification"/>
    <property name="native.encoding" value="UTF-8"/>
    <property name="java.library.path" value="/usr/java/packages/lib:/usr/lib64:/lib64:/lib:/usr/lib"/>
    <property name="java.vm.info" value="mixed mode, sharing"/>
    <property name="stderr.encoding" value="UTF-8"/>
    <property name="java.vendor" value="Oracle Corporation"/>
    <property name="java.vm.version" value="21.0.3+7-LTS-152"/>
    <property name="sun.io.unicode.encoding" value="UnicodeLittle"/>
    <property name="java.class.version" value="65.0"/>
  </properties>
  <testcase name="insercaoEBuscaComColisao" classname="ed.MapaDispersaoTest" time="0.005"/>
  <testcase name="incluirTodos" classname="ed.MapaDispersaoTest" time="0"/>
  <testcase name="inserirVarios" classname="ed.MapaDispersaoTest" time="0"/>
  <testcase name="inserir" classname="ed.MapaDispersaoTest" time="0.001"/>
</testsuite>